Using pre-set license
Built from '2021.1/staging' branch; Version is '2021.1.11f1 (4d8c25f7477e) revision 5082149'; Using compiler version '192528614'; Build Type 'Release'
OS: 'Windows 10 Education; OS build 19043.1081; Version 2009; 64bit' Language: 'es' Physical Memory: 16109 MB
BatchMode: 1, IsHumanControllingUs: 0, StartBugReporterOnCrash: 0, Is64bit: 1, IsPro: 0

 COMMAND LINE ARGUMENTS:
C:\Program Files\Unity\Hub\Editor\2021.1.11f1\Editor\Unity.exe
-adb2
-batchMode
-noUpm
-name
AssetImportWorker0
-projectPath
C:/Users/arnaubc/VR Pirate
-logFile
Logs/AssetImportWorker0.log
-srvPort
53917
Successfully changed project path to: C:/Users/arnaubc/VR Pirate
C:/Users/arnaubc/VR Pirate
Using Asset Import Pipeline V2.
Refreshing native plugins compatible for Editor in 57.70 ms, found 3 plugins.
Preloading 0 native plugins for Editor in 0.00 ms.
Initialize engine version: 2021.1.11f1 (4d8c25f7477e)
[Subsystems] Discovering subsystems at path C:/Program Files/Unity/Hub/Editor/2021.1.11f1/Editor/Data/Resources/UnitySubsystems
[Subsystems] Discovering subsystems at path C:/Users/arnaubc/VR Pirate/Assets
GfxDevice: creating device client; threaded=0; jobified=0
Direct3D:
    Version:  Direct3D 11.0 [level 11.1]
    Renderer: NVIDIA GeForce GTX 1650 (ID=0x1f82)
    Vendor:   NVIDIA
    VRAM:     3962 MB
    Driver:   30.0.15.1179
Initialize mono
Mono path[0] = 'C:/Program Files/Unity/Hub/Editor/2021.1.11f1/Editor/Data/Managed'
Mono path[1] = 'C:/Program Files/Unity/Hub/Editor/2021.1.11f1/Editor/Data/MonoBleedingEdge/lib/mono/unityjit'
Mono config path = 'C:/Program Files/Unity/Hub/Editor/2021.1.11f1/Editor/Data/MonoBleedingEdge/etc'
Using monoOptions --debugger-agent=transport=dt_socket,embedding=1,server=y,suspend=n,address=127.0.0.1:56564
Begin MonoManager ReloadAssembly
Registering precompiled unity dll's ...
Register platform support module: C:/Program Files/Unity/Hub/Editor/2021.1.11f1/Editor/Data/PlaybackEngines/MacStandaloneSupport/UnityEditor.OSXStandalone.Extensions.dll
Register platform support module: C:/Program Files/Unity/Hub/Editor/2021.1.11f1/Editor/Data/PlaybackEngines/WindowsStandaloneSupport/UnityEditor.WindowsStandalone.Extensions.dll
Registered in 0.001577 seconds.
Native extension for WindowsStandalone target not found
Native extension for OSXStandalone target not found
Refreshing native plugins compatible for Editor in 58.90 ms, found 3 plugins.
Preloading 0 native plugins for Editor in 0.00 ms.
Mono: successfully reloaded assembly
- Completed reload, in  1.189 seconds
Domain Reload Profiling:
	ReloadAssembly (1189ms)
		BeginReloadAssembly (34ms)
			ExecutionOrderSort (0ms)
			DisableScriptedObjects (0ms)
			BackupInstance (0ms)
			ReleaseScriptingObjects (0ms)
			CreateAndSetChildDomain (1ms)
		EndReloadAssembly (335ms)
			LoadAssemblies (34ms)
			RebuildTransferFunctionScriptingTraits (0ms)
			SetupTypeCache (115ms)
			ReleaseScriptCaches (0ms)
			RebuildScriptCaches (23ms)
			SetupLoadedEditorAssemblies (162ms)
				LogAssemblyErrors (0ms)
				InitializePlatformSupportModulesInManaged (5ms)
				SetLoadedEditorAssemblies (0ms)
				RefreshPlugins (59ms)
				BeforeProcessingInitializeOnLoad (1ms)
				ProcessInitializeOnLoadAttributes (74ms)
				ProcessInitializeOnLoadMethodAttributes (22ms)
				AfterProcessingInitializeOnLoad (0ms)
				EditorAssembliesLoaded (0ms)
			ExecutionOrderSort2 (0ms)
			AwakeInstancesAfterBackupRestoration (0ms)
Platform modules already initialized, skipping
Registering precompiled user dll's ...
Registered in 0.002523 seconds.
Begin MonoManager ReloadAssembly
Symbol file LoadedFromMemory doesn't match image C:\Users\arnaubc\VR Pirate\Library\PackageCache\com.unity.visualscripting@1.6.1\Editor\VisualScripting.Core\Dependencies\YamlDotNet\Unity.VisualScripting.YamlDotNet.dll
Symbol file LoadedFromMemory doesn't match image C:\Users\arnaubc\VR Pirate\Library\PackageCache\com.unity.visualscripting@1.6.1\Editor\VisualScripting.Core\Dependencies\DotNetZip\Unity.VisualScripting.IonicZip.dll
Native extension for WindowsStandalone target not found
Native extension for OSXStandalone target not found
Refreshing native plugins compatible for Editor in 0.43 ms, found 3 plugins.
Preloading 0 native plugins for Editor in 0.00 ms.
Mono: successfully reloaded assembly
- Completed reload, in  0.755 seconds
Domain Reload Profiling:
	ReloadAssembly (755ms)
		BeginReloadAssembly (95ms)
			ExecutionOrderSort (0ms)
			DisableScriptedObjects (3ms)
			BackupInstance (0ms)
			ReleaseScriptingObjects (0ms)
			CreateAndSetChildDomain (15ms)
		EndReloadAssembly (621ms)
			LoadAssemblies (62ms)
			RebuildTransferFunctionScriptingTraits (0ms)
			SetupTypeCache (232ms)
			ReleaseScriptCaches (1ms)
			RebuildScriptCaches (34ms)
			SetupLoadedEditorAssemblies (226ms)
				LogAssemblyErrors (0ms)
				InitializePlatformSupportModulesInManaged (4ms)
				SetLoadedEditorAssemblies (0ms)
				RefreshPlugins (0ms)
				BeforeProcessingInitializeOnLoad (46ms)
				ProcessInitializeOnLoadAttributes (168ms)
				ProcessInitializeOnLoadMethodAttributes (4ms)
				AfterProcessingInitializeOnLoad (2ms)
				EditorAssembliesLoaded (0ms)
			ExecutionOrderSort2 (0ms)
			AwakeInstancesAfterBackupRestoration (6ms)
Platform modules already initialized, skipping
========================================================================
Worker process is ready to serve import requests
Launched and connected shader compiler UnityShaderCompiler.exe after 0.03 seconds
Refreshing native plugins compatible for Editor in 1.17 ms, found 3 plugins.
Preloading 0 native plugins for Editor in 0.00 ms.
Unloading 2938 Unused Serialized files (Serialized files now loaded: 0)
System memory in use before: 105.5 MB.
System memory in use after: 105.7 MB.

Unloading 23 unused Assets to reduce memory usage. Loaded Objects now: 3382.
Total: 2.154200 ms (FindLiveObjects: 0.256200 ms CreateObjectMapping: 0.099300 ms MarkObjects: 1.693300 ms  DeleteObjects: 0.104400 ms)

AssetImportParameters requested are different than current active one (requested -> active):
  custom:framework-win-MediaFoundation: 216162199b28c13a410421893ffa2e32 -> 
  custom:video-decoder-ogg-theora: a1e56fd34408186e4bbccfd4996cb3dc -> 
  custom:container-muxer-webm: aa71ff27fc2769a1b78a27578f13a17b -> 
  custom:container-demuxer-webm: 4f35f7cbe854078d1ac9338744f61a02 -> 
  custom:container-demuxer-ogg: 62fdf1f143b41e24485cea50d1cbac27 -> 
  custom:video-encoder-webm-vp8: eb34c28f22e8b96e1ab97ce403110664 -> 
  custom:video-decoder-webm-vp8: 9c59270c3fd7afecdb556c50c9e8de78 -> 
  custom:audio-decoder-ogg-vorbis: bf7c407c2cedff20999df2af8eb42d56 -> 
  custom:audio-encoder-webm-vorbis: bf7c407c2cedff20999df2af8eb42d56 -> 
========================================================================
Received Import Request.
  path: Assets/Scenes
  artifactKey: Guid(07d4a270545232b4199cd6b287bb5db6) Importer(815301076,1909f56bfc062723c751e8b465ee728b)
Start importing Assets/Scenes using Guid(07d4a270545232b4199cd6b287bb5db6) Importer(815301076,1909f56bfc062723c751e8b465ee728b)  -> (artifact id: '3831c02be3a192d4a82dde98ebd1dc68') in 0.010943 seconds 
========================================================================
Received Import Request.
  Time since last request: 0.000274 seconds.
  path: Assets/Scenes/SampleScene.unity
  artifactKey: Guid(9fc0d4010bbf28b4594072e72b8655ab) Importer(815301076,1909f56bfc062723c751e8b465ee728b)
Start importing Assets/Scenes/SampleScene.unity using Guid(9fc0d4010bbf28b4594072e72b8655ab) Importer(815301076,1909f56bfc062723c751e8b465ee728b)  -> (artifact id: '85059f4f9e1a832ed95adaa0d25c5c4c') in 0.010355 seconds 
========================================================================
Received Import Request.
  Time since last request: 1521.180629 seconds.
  path: Assets/Stylized_Pirate_Ship/StylShip_Barrel.prefab
  artifactKey: Guid(7cfcb5999e6bea64ba94ad6d0123f2ba) Importer(815301076,1909f56bfc062723c751e8b465ee728b)
Start importing Assets/Stylized_Pirate_Ship/StylShip_Barrel.prefab using Guid(7cfcb5999e6bea64ba94ad6d0123f2ba) Importer(815301076,1909f56bfc062723c751e8b465ee728b)  -> (artifact id: '82b13c37f0123b8a82e56100dedd010e') in 0.258215 seconds 
========================================================================
Received Import Request.
  Time since last request: 0.000253 seconds.
  path: Assets/Stylized_Pirate_Ship/StylShip_Cannon.prefab
  artifactKey: Guid(78a33966cc5639b4387c905a99a39d65) Importer(815301076,1909f56bfc062723c751e8b465ee728b)
Start importing Assets/Stylized_Pirate_Ship/StylShip_Cannon.prefab using Guid(78a33966cc5639b4387c905a99a39d65) Importer(815301076,1909f56bfc062723c751e8b465ee728b)  -> (artifact id: 'f2a3e737d30496f983fac656d393c2a3') in 0.034043 seconds 
========================================================================
Received Import Request.
  Time since last request: 0.000180 seconds.
  path: Assets/Stylized_Pirate_Ship/StylShip_Unity.prefab
  artifactKey: Guid(a1dcd447bfbb3bc45821f8b436c031d2) Importer(815301076,1909f56bfc062723c751e8b465ee728b)
Start importing Assets/Stylized_Pirate_Ship/StylShip_Unity.prefab using Guid(a1dcd447bfbb3bc45821f8b436c031d2) Importer(815301076,1909f56bfc062723c751e8b465ee728b)  -> (artifact id: 'dba22979fecc9b1c5f4012be115fbf47') in 0.291197 seconds 
========================================================================
Received Import Request.
  Time since last request: 0.000284 seconds.
  path: Assets/Stylized_Pirate_Ship/StylShip_Box.prefab
  artifactKey: Guid(c05c34cf7415e0c4e98b01a365a21256) Importer(815301076,1909f56bfc062723c751e8b465ee728b)
Start importing Assets/Stylized_Pirate_Ship/StylShip_Box.prefab using Guid(c05c34cf7415e0c4e98b01a365a21256) Importer(815301076,1909f56bfc062723c751e8b465ee728b)  -> (artifact id: '003fc6bfc14e58cf4e251605a0eb358f') in 0.021882 seconds 
========================================================================
Received Import Request.
  Time since last request: 0.000161 seconds.
  path: Assets/Stylized_Pirate_Ship/StylShip_Pallet.prefab
  artifactKey: Guid(d5f4dcb5d826456449f4bf3ef85b8cbb) Importer(815301076,1909f56bfc062723c751e8b465ee728b)
Start importing Assets/Stylized_Pirate_Ship/StylShip_Pallet.prefab using Guid(d5f4dcb5d826456449f4bf3ef85b8cbb) Importer(815301076,1909f56bfc062723c751e8b465ee728b)  -> (artifact id: '8b5de647e8aa2121f4429315cdca02ca') in 0.017312 seconds 
========================================================================
Received Import Request.
  Time since last request: 652.767072 seconds.
  path: Assets/PurePoly/Free_Swords
  artifactKey: Guid(e8daf40778a53c646b3ab25d767c62df) Importer(815301076,1909f56bfc062723c751e8b465ee728b)
Start importing Assets/PurePoly/Free_Swords using Guid(e8daf40778a53c646b3ab25d767c62df) Importer(815301076,1909f56bfc062723c751e8b465ee728b)  -> (artifact id: '4d4ab2d0d12a35c1a31b5269033f7f77') in 0.005445 seconds 
========================================================================
Received Import Request.
  Time since last request: 2.120496 seconds.
  path: Assets/PurePoly/Free_Swords/Prefabs
  artifactKey: Guid(a5051d44432e3b24992945b79b50cd52) Importer(815301076,1909f56bfc062723c751e8b465ee728b)
Start importing Assets/PurePoly/Free_Swords/Prefabs using Guid(a5051d44432e3b24992945b79b50cd52) Importer(815301076,1909f56bfc062723c751e8b465ee728b)  -> (artifact id: '3857e8fbcc436a7ff8198b733f48cfaa') in 0.007004 seconds 
========================================================================
Received Import Request.
  Time since last request: 0.049849 seconds.
  path: Assets/PurePoly/Free_Swords/Prefabs/PP_Sword_0018.prefab
  artifactKey: Guid(6eb18d9d451e45e4bb30bf34fdb5dbfb) Importer(815301076,1909f56bfc062723c751e8b465ee728b)
Start importing Assets/PurePoly/Free_Swords/Prefabs/PP_Sword_0018.prefab using Guid(6eb18d9d451e45e4bb30bf34fdb5dbfb) Importer(815301076,1909f56bfc062723c751e8b465ee728b)  -> (artifact id: 'e041b9a96742920e2f1fffa8492f611e') in 0.021521 seconds 
========================================================================
Received Import Request.
  Time since last request: 0.000209 seconds.
  path: Assets/PurePoly/Free_Swords/Prefabs/PP_Sword_0177.prefab
  artifactKey: Guid(07386ea35b0703b4b860da37b73db8c3) Importer(815301076,1909f56bfc062723c751e8b465ee728b)
Start importing Assets/PurePoly/Free_Swords/Prefabs/PP_Sword_0177.prefab using Guid(07386ea35b0703b4b860da37b73db8c3) Importer(815301076,1909f56bfc062723c751e8b465ee728b)  -> (artifact id: 'decfcf9f0ec620eabff81d239affd6e4') in 0.012578 seconds 
========================================================================
Received Import Request.
  Time since last request: 0.000349 seconds.
  path: Assets/PurePoly/Free_Swords/Prefabs/PP_Sword_1039.prefab
  artifactKey: Guid(c7349441bb611af45ad4757004d4542b) Importer(815301076,1909f56bfc062723c751e8b465ee728b)
Start importing Assets/PurePoly/Free_Swords/Prefabs/PP_Sword_1039.prefab using Guid(c7349441bb611af45ad4757004d4542b) Importer(815301076,1909f56bfc062723c751e8b465ee728b)  -> (artifact id: 'f36951492eb120481ce524b8eeff0460') in 0.070268 seconds 
========================================================================
Received Import Request.
  Time since last request: 0.000147 seconds.
  path: Assets/PurePoly/Free_Swords/Prefabs/PP_Sword_0080.prefab
  artifactKey: Guid(b4cbf94dda63f074da42ceb35b955c22) Importer(815301076,1909f56bfc062723c751e8b465ee728b)
Start importing Assets/PurePoly/Free_Swords/Prefabs/PP_Sword_0080.prefab using Guid(b4cbf94dda63f074da42ceb35b955c22) Importer(815301076,1909f56bfc062723c751e8b465ee728b)  -> (artifact id: '36a4f2c791a2b3f50664b34d863767cf') in 0.010138 seconds 
========================================================================
Received Import Request.
  Time since last request: 0.000375 seconds.
  path: Assets/PurePoly/Free_Swords/Prefabs/PP_Sword_0222.prefab
  artifactKey: Guid(e33452043350ccc41aa0136cd51f6c6f) Importer(815301076,1909f56bfc062723c751e8b465ee728b)
Start importing Assets/PurePoly/Free_Swords/Prefabs/PP_Sword_0222.prefab using Guid(e33452043350ccc41aa0136cd51f6c6f) Importer(815301076,1909f56bfc062723c751e8b465ee728b)  -> (artifact id: 'eac4d131cf351f08469e6386692caeec') in 0.010854 seconds 
========================================================================
Received Import Request.
  Time since last request: 0.000165 seconds.
  path: Assets/PurePoly/Free_Swords/Prefabs/PP_Sword_0363.prefab
  artifactKey: Guid(9ed46828caf4aac49ba8f91d74a64dc8) Importer(815301076,1909f56bfc062723c751e8b465ee728b)
Start importing Assets/PurePoly/Free_Swords/Prefabs/PP_Sword_0363.prefab using Guid(9ed46828caf4aac49ba8f91d74a64dc8) Importer(815301076,1909f56bfc062723c751e8b465ee728b)  -> (artifact id: 'eab3aef883cda2333abcafcbc9427e77') in 0.011101 seconds 
========================================================================
Received Import Request.
  Time since last request: 0.000235 seconds.
  path: Assets/PurePoly/Free_Swords/Prefabs/PP_Sword_0036.prefab
  artifactKey: Guid(944690db56c8ecd4eb71cd85def4fa24) Importer(815301076,1909f56bfc062723c751e8b465ee728b)
Start importing Assets/PurePoly/Free_Swords/Prefabs/PP_Sword_0036.prefab using Guid(944690db56c8ecd4eb71cd85def4fa24) Importer(815301076,1909f56bfc062723c751e8b465ee728b)  -> (artifact id: '9433ff7316b84618110ce706a50a770b') in 0.010342 seconds 
AssetImportWorkerClient::OnTransportError - code=2 error=End of file
